{
  "RSpec": {
    "coverage": {
      "/Users/carl/gems/type_balancer-rails/lib/type_balancer/rails.rb": {
        "lines": [
          null,
          null,
          1,
          1,
          1,
          1,
          1,
          null,
          1,
          1,
          1,
          1,
          1,
          1,
          1,
          1,
          1,
          1,
          1,
          1,
          1,
          1,
          1,
          1,
          1,
          1,
          1,
          1,
          1,
          1,
          1,
          1,
          null,
          1,
          null,
          1,
          1,
          1,
          null,
          1,
          1,
          1,
          null,
          1,
          1,
          null,
          1,
          null,
          1,
          null,
          1,
          null,
          1,
          1,
          1,
          1,
          null,
          null,
          1,
          2,
          2,
          null,
          null,
          1,
          0,
          0,
          null,
          null,
          1,
          0,
          null,
          null,
          1,
          0,
          0,
          null,
          0,
          null,
          0,
          null,
          null,
          1,
          0,
          0,
          null,
          0,
          null,
          0,
          null,
          null,
          1,
          0,
          0,
          null,
          0,
          null,
          null,
          null,
          1,
          0,
          null,
          null,
          1,
          0,
          null,
          null,
          1,
          135,
          135,
          null,
          null,
          1,
          1,
          1,
          1,
          null,
          null,
          1,
          null,
          1,
          0,
          0,
          0,
          null,
          null,
          null,
          1,
          0,
          0,
          0,
          0,
          0,
          null,
          null,
          null,
          null,
          null,
          null,
          null,
          null,
          1,
          null,
          1
        ],
        "branches": {
          "[:if, 0, 21, 0, 21, 51]": {
            "[:then, 1, 21, 0, 21, 32]": 1,
            "[:else, 2, 21, 0, 21, 51]": 0
          },
          "[:if, 3, 74, 8, 78, 11]": {
            "[:then, 4, 75, 10, 75, 42]": 0,
            "[:else, 5, 77, 10, 77, 39]": 0
          },
          "[:if, 6, 83, 8, 87, 11]": {
            "[:then, 7, 84, 10, 84, 42]": 0,
            "[:else, 8, 86, 10, 86, 39]": 0
          },
          "[:if, 9, 92, 8, 96, 11]": {
            "[:then, 10, 93, 10, 93, 54]": 0,
            "[:else, 11, 95, 10, 95, 15]": 0
          }
        }
      },
      "/Users/carl/gems/type_balancer-rails/lib/type_balancer/rails/core.rb": {
        "lines": [
          null,
          null,
          1,
          1,
          null,
          1,
          1,
          null,
          1,
          1,
          1,
          1,
          0,
          0,
          null,
          null,
          1,
          9,
          null,
          null,
          1,
          0,
          0,
          null,
          null,
          null,
          null,
          1,
          null,
          1,
          1,
          1,
          null,
          1,
          1,
          1,
          1,
          1,
          1,
          1,
          1,
          null,
          null,
          1,
          0,
          0,
          null,
          0,
          0,
          0,
          0,
          null,
          null,
          1,
          0,
          0,
          null,
          0,
          0,
          0,
          0,
          null,
          null,
          1,
          0,
          0,
          0,
          0,
          0,
          0,
          null,
          null,
          1,
          1,
          1,
          1,
          1,
          1,
          null,
          null,
          1,
          null,
          1,
          1,
          1,
          null,
          null,
          1,
          1,
          1,
          null,
          null,
          1,
          1,
          null,
          0,
          null,
          null,
          1,
          1,
          null,
          0,
          null,
          null,
          null,
          1,
          1,
          0,
          null,
          null,
          1,
          0,
          null,
          null,
          1,
          0,
          null,
          null,
          1,
          null,
          null,
          null,
          null
        ],
        "branches": {
          "[:if, 0, 13, 12, 13, 48]": {
            "[:then, 1, 13, 12, 13, 32]": 0,
            "[:else, 2, 13, 12, 13, 48]": 0
          },
          "[:if, 3, 45, 10, 45, 42]": {
            "[:then, 4, 45, 10, 45, 32]": 0,
            "[:else, 5, 45, 10, 45, 42]": 0
          },
          "[:if, 6, 46, 10, 46, 90]": {
            "[:then, 7, 46, 10, 46, 68]": 0,
            "[:else, 8, 46, 10, 46, 90]": 0
          },
          "[:if, 9, 49, 10, 49, 45]": {
            "[:then, 10, 49, 10, 49, 29]": 0,
            "[:else, 11, 49, 10, 49, 45]": 0
          },
          "[:if, 12, 56, 10, 56, 87]": {
            "[:then, 13, 56, 10, 56, 67]": 0,
            "[:else, 14, 56, 10, 56, 87]": 0
          },
          "[:if, 15, 59, 10, 59, 43]": {
            "[:then, 16, 59, 10, 59, 27]": 0,
            "[:else, 17, 59, 10, 59, 43]": 0
          },
          "[:unless, 18, 84, 10, 84, 107]": {
            "[:else, 19, 84, 10, 84, 107]": 1,
            "[:then, 20, 84, 10, 84, 74]": 0
          },
          "[:unless, 21, 85, 10, 85, 100]": {
            "[:else, 22, 85, 10, 85, 100]": 1,
            "[:then, 23, 85, 10, 85, 72]": 0
          },
          "[:unless, 24, 89, 10, 89, 107]": {
            "[:else, 25, 89, 10, 89, 107]": 1,
            "[:then, 26, 89, 10, 89, 74]": 0
          },
          "[:unless, 27, 90, 10, 90, 100]": {
            "[:else, 28, 90, 10, 90, 100]": 1,
            "[:then, 29, 90, 10, 90, 72]": 0
          }
        }
      },
      "/Users/carl/gems/type_balancer-rails/lib/type_balancer/rails/strategies/storage_adapter.rb": {
        "lines": [
          null,
          null,
          1,
          1,
          1,
          null,
          1,
          1,
          null,
          1,
          0,
          0,
          0,
          0,
          null,
          null,
          1,
          0,
          0,
          null,
          0,
          null,
          0,
          null,
          null,
          1,
          0,
          0,
          null,
          0,
          null,
          0,
          null,
          null,
          1,
          0,
          null,
          null,
          1,
          0,
          null,
          null,
          1,
          0,
          null,
          null,
          1,
          0,
          null,
          null,
          1,
          0,
          0,
          0,
          0,
          0,
          null,
          null,
          null,
          null,
          null
        ],
        "branches": {
          "[:if, 0, 18, 10, 22, 13]": {
            "[:then, 1, 19, 12, 19, 30]": 0,
            "[:else, 2, 21, 12, 21, 49]": 0
          },
          "[:if, 3, 27, 10, 31, 13]": {
            "[:then, 4, 28, 12, 28, 29]": 0,
            "[:else, 5, 30, 12, 30, 49]": 0
          }
        }
      },
      "/Users/carl/gems/type_balancer-rails/lib/type_balancer/rails/storage.rb": {
        "lines": [
          null,
          null,
          1,
          1,
          1,
          1,
          null,
          1,
          1,
          1,
          null,
          null,
          null
        ],
        "branches": {}
      },
      "/Users/carl/gems/type_balancer-rails/lib/type_balancer/rails/storage/base_storage.rb": {
        "lines": [
          null,
          null,
          1,
          1,
          1,
          null,
          1,
          1,
          0,
          null,
          null,
          null,
          null,
          null,
          null,
          null,
          1,
          0,
          null,
          null,
          null,
          null,
          null,
          null,
          1,
          0,
          null,
          null,
          null,
          null,
          null,
          1,
          0,
          null,
          null,
          null,
          1,
          0,
          null,
          null,
          1,
          null,
          1,
          null,
          1,
          0,
          0,
          0,
          null,
          null,
          1,
          0,
          0,
          null,
          null,
          1,
          0,
          0,
          null,
          null,
          null,
          null,
          null
        ],
        "branches": {
          "[:if, 0, 46, 10, 46, 62]": {
            "[:then, 1, 46, 10, 46, 50]": 0,
            "[:else, 2, 46, 10, 46, 62]": 0
          },
          "[:unless, 3, 47, 10, 47, 109]": {
            "[:else, 4, 47, 10, 47, 109]": 0,
            "[:then, 5, 47, 10, 47, 63]": 0
          },
          "[:if, 6, 48, 10, 48, 77]": {
            "[:then, 7, 48, 10, 48, 52]": 0,
            "[:else, 8, 48, 10, 48, 77]": 0
          },
          "[:if, 9, 52, 10, 52, 66]": {
            "[:then, 10, 52, 10, 52, 52]": 0,
            "[:else, 11, 52, 10, 52, 66]": 0
          },
          "[:unless, 12, 53, 10, 53, 97]": {
            "[:else, 13, 53, 10, 53, 97]": 0,
            "[:then, 14, 53, 10, 53, 62]": 0
          },
          "[:if, 15, 57, 10, 57, 28]": {
            "[:then, 16, 57, 10, 57, 16]": 0,
            "[:else, 17, 57, 10, 57, 28]": 0
          },
          "[:unless, 18, 58, 10, 58, 105]": {
            "[:else, 19, 58, 10, 58, 105]": 0,
            "[:then, 20, 58, 10, 58, 67]": 0
          }
        }
      },
      "/Users/carl/gems/type_balancer-rails/lib/type_balancer/rails/storage/cache_decorator.rb": {
        "lines": [
          null,
          null,
          1,
          1,
          1,
          null,
          1,
          1,
          0,
          0,
          null,
          null,
          1,
          0,
          0,
          0,
          null,
          null,
          1,
          0,
          0,
          0,
          null,
          null,
          0,
          null,
          null,
          null,
          1,
          0,
          0,
          null,
          null,
          1,
          0,
          0,
          null,
          null,
          1,
          null,
          1,
          null,
          1,
          0,
          null,
          null,
          1,
          0,
          null,
          null,
          null,
          null,
          null
        ],
        "branches": {
          "[:if, 0, 15, 10, 15, 85]": {
            "[:then, 1, 15, 10, 15, 67]": 0,
            "[:else, 2, 15, 10, 15, 85]": 0
          },
          "[:if, 3, 20, 10, 26, 13]": {
            "[:then, 4, 21, 12, 23, 15]": 0,
            "[:else, 5, 25, 12, 25, 30]": 0
          },
          "[:if, 6, 31, 10, 31, 62]": {
            "[:then, 7, 31, 10, 31, 44]": 0,
            "[:else, 8, 31, 10, 31, 62]": 0
          },
          "[:if, 9, 36, 10, 36, 45]": {
            "[:then, 10, 36, 10, 36, 27]": 0,
            "[:else, 11, 36, 10, 36, 45]": 0
          }
        }
      },
      "/Users/carl/gems/type_balancer-rails/lib/type_balancer/rails/storage/cursor_storage.rb": {
        "lines": [
          null,
          null,
          1,
          1,
          1,
          null,
          1,
          1,
          0,
          0,
          0,
          0,
          null,
          null,
          1,
          0,
          0,
          0,
          null,
          0,
          0,
          null,
          0,
          0,
          0,
          null,
          null,
          0,
          null,
          null,
          0,
          null,
          null,
          1,
          0,
          null,
          0,
          0,
          0,
          null,
          null,
          null,
          1,
          0,
          null,
          0,
          0,
          0,
          null,
          null,
          null,
          1,
          0,
          0,
          0,
          null,
          null,
          null,
          1,
          null,
          1,
          0,
          null,
          0,
          0,
          0,
          0,
          null,
          null,
          null,
          null,
          null,
          null
        ],
        "branches": {
          "[:if, 0, 18, 10, 18, 35]": {
            "[:then, 1, 18, 10, 18, 28]": 0,
            "[:else, 2, 18, 10, 18, 35]": 0
          },
          "[:if, 3, 23, 12, 26, 15]": {
            "[:then, 4, 24, 14, 25, 48]": 0,
            "[:else, 5, 23, 12, 26, 15]": 0
          }
        }
      },
      "/Users/carl/gems/type_balancer-rails/lib/type_balancer/rails/storage/redis_storage.rb": {
        "lines": [
          null,
          null,
          1,
          1,
          1,
          null,
          1,
          1,
          0,
          0,
          0,
          null,
          null,
          1,
          0,
          0,
          0,
          null,
          0,
          0,
          0,
          null,
          0,
          null,
          null,
          0,
          null,
          null,
          1,
          0,
          null,
          0,
          0,
          null,
          0,
          null,
          null,
          1,
          0,
          0,
          null,
          null,
          1,
          0,
          0,
          null,
          null,
          1,
          null,
          1,
          null,
          1,
          0,
          null,
          null,
          1,
          0,
          null,
          null,
          1,
          0,
          null,
          null,
          1,
          0,
          null,
          0,
          null,
          null,
          null,
          null,
          null
        ],
        "branches": {
          "[:unless, 0, 11, 10, 11, 74]": {
            "[:else, 1, 11, 10, 11, 74]": 0,
            "[:then, 2, 11, 10, 11, 60]": 0
          },
          "[:if, 3, 17, 10, 17, 35]": {
            "[:then, 4, 17, 10, 17, 28]": 0,
            "[:else, 5, 17, 10, 17, 35]": 0
          },
          "[:if, 6, 20, 10, 24, 13]": {
            "[:then, 7, 21, 12, 21, 64]": 0,
            "[:else, 8, 23, 12, 23, 57]": 0
          },
          "[:unless, 9, 33, 10, 33, 44]": {
            "[:else, 10, 33, 10, 33, 44]": 0,
            "[:then, 11, 33, 10, 33, 20]": 0
          },
          "[:unless, 12, 45, 10, 45, 45]": {
            "[:else, 13, 45, 10, 45, 45]": 0,
            "[:then, 14, 45, 10, 45, 26]": 0
          }
        }
      },
      "/Users/carl/gems/type_balancer-rails/lib/type_balancer/rails/query.rb": {
        "lines": [
          null,
          null,
          1,
          1,
          1,
          null,
          1,
          1,
          null,
          1,
          1,
          1,
          0,
          null,
          null,
          null,
          null,
          null
        ],
        "branches": {}
      },
      "/Users/carl/gems/type_balancer-rails/lib/type_balancer/rails/query/balanced_query.rb": {
        "lines": [
          null,
          null,
          1,
          1,
          1,
          null,
          1,
          1,
          null,
          1,
          0,
          0,
          0,
          null,
          null,
          1,
          0,
          0,
          0,
          0,
          0,
          null,
          null,
          1,
          0,
          null,
          null,
          1,
          null,
          1,
          null,
          1,
          0,
          null,
          0,
          null,
          null,
          1,
          null,
          0,
          null,
          null,
          null,
          null,
          null,
          1,
          0,
          0,
          null,
          0,
          null,
          0,
          null,
          null,
          1,
          0,
          null,
          null,
          1,
          0,
          null,
          0,
          0,
          null,
          null,
          1,
          0,
          null,
          0,
          null,
          null,
          1,
          0,
          0,
          null,
          null,
          null,
          1,
          0,
          null,
          0,
          null,
          0,
          null,
          0,
          null,
          0,
          null,
          null,
          null,
          null,
          null,
          null
        ],
        "branches": {
          "[:if, 0, 33, 10, 33, 102]": {
            "[:then, 1, 33, 10, 33, 43]": 0,
            "[:else, 2, 33, 10, 33, 102]": 0
          },
          "[:if, 3, 47, 10, 47, 66]": {
            "[:then, 4, 47, 10, 47, 52]": 0,
            "[:else, 5, 47, 10, 47, 66]": 0
          },
          "[:unless, 6, 48, 10, 48, 115]": {
            "[:else, 7, 48, 10, 48, 115]": 0,
            "[:then, 8, 48, 10, 48, 72]": 0
          },
          "[:if, 9, 50, 10, 50, 53]": {
            "[:then, 10, 50, 10, 50, 16]": 0,
            "[:else, 11, 50, 10, 50, 53]": 0
          },
          "[:unless, 12, 60, 10, 60, 39]": {
            "[:else, 13, 60, 10, 60, 39]": 0,
            "[:then, 14, 60, 10, 60, 16]": 0
          },
          "[:if, 15, 67, 10, 67, 47]": {
            "[:then, 16, 67, 10, 67, 16]": 0,
            "[:else, 17, 67, 10, 67, 47]": 0
          },
          "[:case, 18, 79, 10, 88, 13]": {
            "[:when, 19, 81, 12, 81, 22]": 0,
            "[:when, 20, 83, 12, 83, 29]": 0,
            "[:when, 21, 85, 12, 85, 42]": 0,
            "[:else, 22, 87, 12, 87, 55]": 0
          }
        }
      },
      "/Users/carl/gems/type_balancer-rails/lib/type_balancer/rails/query/pagination_service.rb": {
        "lines": [
          null,
          null,
          1,
          1,
          1,
          null,
          1,
          1,
          1,
          1,
          null,
          1,
          17,
          17,
          17,
          17,
          null,
          null,
          1,
          5,
          null,
          4,
          1,
          3,
          1,
          null,
          2,
          null,
          null,
          null,
          1,
          2,
          null,
          null,
          1,
          2,
          null,
          null,
          1,
          3,
          null,
          null,
          1,
          1,
          null,
          null,
          1,
          null,
          1,
          null,
          1,
          5,
          null,
          null,
          1,
          4,
          null,
          null,
          1,
          3,
          null,
          null,
          1,
          1,
          null,
          null,
          1,
          1,
          null,
          null,
          1,
          2,
          null,
          null,
          null,
          null,
          1,
          2,
          null,
          null,
          1,
          5,
          null,
          null,
          null,
          null,
          null
        ],
        "branches": {
          "[:if, 0, 20, 10, 20, 47]": {
            "[:then, 1, 20, 10, 20, 27]": 1,
            "[:else, 2, 20, 10, 20, 47]": 4
          },
          "[:if, 3, 24, 10, 27, 29]": {
            "[:then, 4, 25, 12, 25, 39]": 1,
            "[:else, 5, 27, 12, 27, 29]": 2
          },
          "[:if, 6, 22, 10, 28, 13]": {
            "[:then, 7, 23, 12, 23, 34]": 1,
            "[:else, 8, 24, 10, 27, 29]": 3
          }
        }
      },
      "/Users/carl/gems/type_balancer-rails/lib/type_balancer/rails/query/position_manager.rb": {
        "lines": [
          null,
          null,
          1,
          1,
          1,
          null,
          1,
          1,
          null,
          1,
          0,
          0,
          0,
          0,
          null,
          0,
          null,
          null,
          1,
          0,
          0,
          0,
          null,
          0,
          0,
          0,
          0,
          null,
          null,
          0,
          null,
          null,
          1,
          0,
          0,
          0,
          null,
          null,
          null,
          null,
          null,
          null,
          null,
          null,
          null,
          null,
          null,
          null,
          1,
          0,
          0,
          0,
          0,
          null,
          null,
          null,
          null,
          1,
          0,
          0,
          0,
          null,
          null,
          null,
          1,
          null,
          1,
          0,
          0,
          null,
          null,
          1,
          0,
          null,
          null,
          1,
          0,
          null,
          null,
          1,
          0,
          0,
          0,
          0,
          null,
          0,
          null,
          null,
          null,
          1,
          0,
          null,
          0,
          null,
          null,
          null,
          null,
          null
        ],
        "branches": {
          "[:\"&.\", 0, 12, 38, 12, 50]": {
            "[:then, 1, 12, 38, 12, 50]": 0,
            "[:else, 2, 12, 38, 12, 50]": 0
          },
          "[:\"&.\", 3, 12, 38, 12, 62]": {
            "[:then, 4, 12, 38, 12, 62]": 0,
            "[:else, 5, 12, 38, 12, 62]": 0
          },
          "[:if, 6, 52, 12, 54, 15]": {
            "[:then, 7, 53, 14, 53, 58]": 0,
            "[:else, 8, 52, 12, 54, 15]": 0
          },
          "[:if, 9, 68, 10, 68, 66]": {
            "[:then, 10, 68, 10, 68, 52]": 0,
            "[:else, 11, 68, 10, 68, 66]": 0
          },
          "[:if, 12, 69, 10, 69, 80]": {
            "[:then, 13, 69, 10, 69, 61]": 0,
            "[:else, 14, 69, 10, 69, 80]": 0
          },
          "[:unless, 15, 73, 10, 73, 79]": {
            "[:else, 16, 73, 10, 73, 79]": 0,
            "[:then, 17, 73, 10, 73, 46]": 0
          },
          "[:if, 18, 83, 10, 86, 17]": {
            "[:then, 19, 84, 12, 84, 22]": 0,
            "[:else, 20, 86, 12, 86, 17]": 0
          },
          "[:if, 21, 81, 10, 87, 13]": {
            "[:then, 22, 82, 12, 82, 27]": 0,
            "[:else, 23, 83, 10, 86, 17]": 0
          },
          "[:if, 24, 91, 10, 91, 44]": {
            "[:then, 25, 91, 10, 91, 18]": 0,
            "[:else, 26, 91, 10, 91, 44]": 0
          }
        }
      },
      "/Users/carl/gems/type_balancer-rails/lib/type_balancer/rails/balanced_position.rb": {
        "lines": [
          null,
          null,
          1,
          1,
          null,
          1,
          1,
          null,
          1,
          null,
          1,
          1,
          1,
          1,
          1,
          null,
          1,
          1,
          null,
          1,
          1,
          0,
          0,
          0,
          0,
          0,
          0,
          null,
          0,
          0,
          null,
          null,
          null,
          null,
          null,
          null
        ],
        "branches": {}
      },
      "/Users/carl/gems/type_balancer-rails/lib/type_balancer/rails/cache_invalidation.rb": {
        "lines": [
          null,
          null,
          1,
          1,
          null,
          1,
          1,
          null,
          1,
          8,
          8,
          null,
          null,
          1,
          8,
          null,
          null,
          null,
          null
        ],
        "branches": {}
      },
      "/Users/carl/gems/type_balancer-rails/lib/type_balancer/rails/balance_calculation_job.rb": {
        "lines": [
          null,
          null,
          1,
          1,
          null,
          1,
          1,
          null,
          1,
          0,
          0,
          null,
          null,
          0,
          0,
          0,
          null,
          null,
          1,
          null,
          1,
          0,
          0,
          0,
          null,
          null,
          null,
          null
        ],
        "branches": {}
      },
      "/Users/carl/gems/type_balancer-rails/lib/type_balancer/rails/balanced_collection_query.rb": {
        "lines": [
          null,
          null,
          1,
          1,
          null,
          1,
          1,
          null,
          1,
          0,
          0,
          0,
          0,
          null,
          null,
          1,
          0,
          null,
          null,
          1,
          0,
          null,
          null,
          1,
          0,
          0,
          null,
          null,
          1,
          null,
          0,
          null,
          null,
          0,
          null,
          null,
          1,
          null,
          1,
          0,
          0,
          null,
          null,
          null,
          1,
          0,
          null,
          0,
          0,
          null,
          null,
          null,
          1,
          null,
          0,
          null,
          null,
          0,
          null,
          null,
          0,
          null,
          null,
          1,
          0,
          null,
          0,
          null,
          0,
          null,
          null,
          0,
          0,
          null,
          null,
          null,
          null,
          null,
          null,
          null,
          null,
          null,
          null,
          1,
          0,
          0,
          null,
          null,
          0,
          null,
          null,
          0,
          null,
          null,
          null,
          1,
          0,
          0,
          0,
          0,
          null,
          null,
          null,
          null
        ],
        "branches": {
          "[:if, 0, 10, 8, 10, 78]": {
            "[:then, 1, 10, 8, 10, 35]": 0,
            "[:else, 2, 10, 8, 10, 78]": 0
          },
          "[:if, 3, 89, 8, 89, 51]": {
            "[:then, 4, 89, 8, 89, 26]": 0,
            "[:else, 5, 89, 8, 89, 51]": 0
          }
        }
      },
      "/Users/carl/gems/type_balancer-rails/lib/type_balancer/rails/container.rb": {
        "lines": [
          null,
          null,
          1,
          1,
          1,
          1,
          1,
          0,
          null,
          0,
          null,
          null,
          null,
          null,
          0,
          null,
          null,
          null,
          0,
          null,
          null,
          1,
          0,
          null,
          0,
          0,
          null,
          0,
          null,
          null,
          null,
          1,
          0,
          0,
          null,
          null,
          1,
          null,
          1,
          0,
          null,
          null,
          1,
          0,
          null,
          null,
          null,
          null,
          null
        ],
        "branches": {
          "[:if, 0, 8, 27, 18, 30]": {
            "[:then, 1, 9, 29, 12, 30]": 0,
            "[:else, 2, 14, 29, 17, 30]": 0
          },
          "[:if, 3, 25, 10, 29, 13]": {
            "[:then, 4, 26, 12, 26, 59]": 0,
            "[:else, 5, 28, 12, 28, 37]": 0
          }
        }
      },
      "/Users/carl/gems/type_balancer-rails/lib/type_balancer/rails/storage_strategies.rb": {
        "lines": [
          null,
          null,
          1,
          1,
          1,
          1,
          1,
          null,
          1,
          1,
          null,
          1,
          1,
          null,
          null,
          null
        ],
        "branches": {}
      },
      "/Users/carl/gems/type_balancer-rails/lib/type_balancer/rails/strategies/base_strategy.rb": {
        "lines": [
          null,
          null,
          1,
          1,
          1,
          null,
          1,
          1,
          null,
          1,
          20,
          20,
          20,
          null,
          null,
          1,
          0,
          null,
          null,
          1,
          0,
          null,
          null,
          1,
          0,
          null,
          null,
          1,
          0,
          null,
          null,
          1,
          0,
          null,
          null,
          1,
          0,
          null,
          null,
          1,
          0,
          null,
          null,
          1,
          null,
          1,
          0,
          null,
          null,
          1,
          0,
          null,
          null,
          1,
          0,
          null,
          null,
          1,
          30,
          27,
          null,
          null,
          1,
          15,
          14,
          null,
          null,
          1,
          0,
          null,
          null,
          1,
          0,
          null,
          null,
          null,
          null,
          null
        ],
        "branches": {
          "[:if, 0, 59, 10, 59, 62]": {
            "[:then, 1, 59, 10, 59, 50]": 3,
            "[:else, 2, 59, 10, 59, 62]": 27
          },
          "[:unless, 3, 60, 10, 60, 109]": {
            "[:else, 4, 60, 10, 60, 109]": 26,
            "[:then, 5, 60, 10, 60, 63]": 1
          },
          "[:if, 6, 64, 10, 64, 66]": {
            "[:then, 7, 64, 10, 64, 52]": 1,
            "[:else, 8, 64, 10, 64, 66]": 14
          },
          "[:unless, 9, 65, 10, 65, 99]": {
            "[:else, 10, 65, 10, 65, 99]": 14,
            "[:then, 11, 65, 10, 65, 64]": 0
          }
        }
      },
      "/Users/carl/gems/type_balancer-rails/lib/type_balancer/rails/strategies/redis_strategy.rb": {
        "lines": [
          null,
          null,
          1,
          null,
          1,
          1,
          1,
          null,
          1,
          1,
          2,
          2,
          2,
          null,
          null,
          1,
          0,
          0,
          0,
          0,
          null,
          0,
          0,
          null,
          0,
          0,
          null,
          0,
          null,
          null,
          0,
          null,
          null,
          1,
          0,
          0,
          0,
          null,
          0,
          null,
          0,
          null,
          null,
          1,
          0,
          0,
          0,
          0,
          null,
          null,
          1,
          0,
          0,
          0,
          0,
          null,
          null,
          1,
          0,
          0,
          0,
          0,
          null,
          null,
          1,
          0,
          0,
          0,
          0,
          null,
          0,
          0,
          0,
          null,
          null,
          null,
          null,
          1,
          0,
          null,
          0,
          null,
          null,
          1,
          null,
          1,
          0,
          null,
          0,
          null,
          null,
          1,
          0,
          null,
          null,
          1,
          0,
          null,
          null,
          1,
          0,
          null,
          0,
          0,
          null,
          null,
          0,
          null,
          0,
          null,
          null,
          null,
          null,
          null,
          null
        ],
        "branches": {
          "[:if, 0, 25, 10, 29, 13]": {
            "[:then, 1, 26, 12, 26, 85]": 0,
            "[:else, 2, 28, 12, 28, 67]": 0
          },
          "[:unless, 3, 39, 10, 39, 80]": {
            "[:else, 4, 39, 10, 39, 80]": 0,
            "[:then, 5, 39, 10, 39, 16]": 0
          },
          "[:if, 6, 55, 10, 55, 62]": {
            "[:then, 7, 55, 10, 55, 49]": 0,
            "[:else, 8, 55, 10, 55, 62]": 0
          },
          "[:if, 9, 62, 10, 62, 62]": {
            "[:then, 10, 62, 10, 62, 49]": 0,
            "[:else, 11, 62, 10, 62, 62]": 0
          },
          "[:if, 12, 69, 10, 69, 34]": {
            "[:then, 13, 69, 10, 69, 19]": 0,
            "[:else, 14, 69, 10, 69, 34]": 0
          },
          "[:if, 15, 72, 12, 74, 15]": {
            "[:then, 16, 73, 14, 73, 64]": 0,
            "[:else, 17, 72, 12, 74, 15]": 0
          },
          "[:if, 18, 79, 10, 79, 41]": {
            "[:then, 19, 79, 10, 79, 27]": 0,
            "[:else, 20, 79, 10, 79, 41]": 0
          },
          "[:if, 21, 87, 10, 87, 78]": {
            "[:then, 22, 87, 10, 87, 16]": 0,
            "[:else, 23, 87, 10, 87, 78]": 0
          },
          "[:case, 24, 101, 10, 110, 13]": {
            "[:when, 25, 103, 12, 105, 15]": 0,
            "[:when, 26, 107, 12, 107, 52]": 0,
            "[:else, 27, 109, 12, 109, 17]": 0
          }
        }
      },
      "/Users/carl/gems/type_balancer-rails/lib/type_balancer/rails/strategies/memory_strategy.rb": {
        "lines": [
          null,
          null,
          1,
          1,
          1,
          null,
          1,
          1,
          18,
          18,
          null,
          null,
          1,
          17,
          15,
          14,
          14,
          14,
          null,
          null,
          1,
          10,
          9,
          9,
          null,
          null,
          1,
          3,
          2,
          2,
          null,
          null,
          1,
          null,
          1,
          1,
          1,
          3,
          null,
          null,
          null,
          1,
          1,
          3,
          null,
          null,
          1,
          0,
          null,
          0,
          null,
          null,
          1,
          null,
          1,
          2,
          null,
          null,
          1,
          25,
          null,
          null,
          null,
          null,
          null
        ],
        "branches": {
          "[:if, 0, 16, 16, 16, 62]": {
            "[:then, 1, 16, 24, 16, 45]": 2,
            "[:else, 2, 16, 48, 16, 62]": 12
          },
          "[:if, 3, 23, 16, 23, 62]": {
            "[:then, 4, 23, 24, 23, 45]": 0,
            "[:else, 5, 23, 48, 23, 62]": 9
          },
          "[:if, 6, 29, 16, 29, 62]": {
            "[:then, 7, 29, 24, 29, 45]": 0,
            "[:else, 8, 29, 48, 29, 62]": 2
          },
          "[:if, 9, 38, 12, 38, 58]": {
            "[:then, 10, 38, 12, 38, 30]": 1,
            "[:else, 11, 38, 12, 38, 58]": 2
          },
          "[:if, 12, 48, 10, 48, 41]": {
            "[:then, 13, 48, 10, 48, 27]": 0,
            "[:else, 14, 48, 10, 48, 41]": 0
          }
        }
      },
      "/Users/carl/gems/type_balancer-rails/lib/type_balancer/rails/strategies/cursor_strategy.rb": {
        "lines": [
          null,
          null,
          1,
          1,
          1,
          null,
          1,
          1,
          0,
          0,
          null,
          null,
          1,
          null,
          0,
          null,
          null,
          1,
          0,
          0,
          0,
          null,
          0,
          0,
          null,
          0,
          null,
          null,
          null,
          1,
          0,
          0,
          null,
          0,
          null,
          0,
          null,
          null,
          1,
          0,
          0,
          null,
          0,
          null,
          null,
          1,
          0,
          null,
          null,
          1,
          0,
          0,
          0,
          null,
          null,
          1,
          0,
          0,
          0,
          null,
          null,
          1,
          null,
          1,
          0,
          0,
          null,
          null,
          null,
          null,
          null
        ],
        "branches": {
          "[:if, 0, 23, 10, 27, 13]": {
            "[:then, 1, 24, 12, 24, 75]": 0,
            "[:else, 2, 26, 12, 26, 17]": 0
          },
          "[:unless, 3, 34, 10, 34, 38]": {
            "[:else, 4, 34, 10, 34, 38]": 0,
            "[:then, 5, 34, 10, 34, 16]": 0
          },
          "[:if, 6, 43, 10, 43, 53]": {
            "[:then, 7, 43, 10, 43, 35]": 0,
            "[:else, 8, 43, 10, 43, 53]": 0
          },
          "[:if, 9, 47, 10, 47, 47]": {
            "[:then, 10, 47, 10, 47, 29]": 0,
            "[:else, 11, 47, 10, 47, 47]": 0
          },
          "[:if, 12, 53, 10, 53, 69]": {
            "[:then, 13, 53, 10, 53, 51]": 0,
            "[:else, 14, 53, 10, 53, 69]": 0
          },
          "[:if, 15, 65, 10, 65, 66]": {
            "[:then, 16, 65, 10, 65, 52]": 0,
            "[:else, 17, 65, 10, 65, 66]": 0
          },
          "[:unless, 18, 66, 10, 66, 115]": {
            "[:else, 19, 66, 10, 66, 115]": 0,
            "[:then, 20, 66, 10, 66, 72]": 0
          }
        }
      },
      "/Users/carl/gems/type_balancer-rails/lib/type_balancer/rails/strategies.rb": {
        "lines": [
          null,
          null,
          1,
          1,
          1,
          1,
          1,
          3,
          null,
          2,
          null,
          null,
          1,
          1,
          null,
          null,
          1,
          null,
          1,
          null,
          null,
          null,
          null
        ],
        "branches": {
          "[:if, 0, 8, 10, 8, 86]": {
            "[:then, 1, 8, 10, 8, 61]": 1,
            "[:else, 2, 8, 10, 8, 86]": 2
          }
        }
      },
      "/Users/carl/gems/type_balancer-rails/lib/type_balancer/rails/railtie.rb": {
        "lines": [
          null,
          null,
          1,
          1,
          1,
          1,
          0,
          null,
          0,
          0,
          null,
          null,
          0,
          null,
          null,
          0,
          0,
          null,
          null,
          null,
          0,
          0,
          null,
          null,
          null,
          null,
          null
        ],
        "branches": {}
      },
      "/Users/carl/gems/type_balancer-rails/lib/type_balancer/rails/configuration.rb": {
        "lines": [
          1,
          1,
          1,
          1,
          null,
          1,
          null,
          null,
          null,
          1,
          null,
          1,
          1,
          0,
          null,
          null,
          1,
          null,
          null,
          1,
          0,
          0,
          0,
          0,
          0,
          0,
          0,
          0,
          null,
          null,
          1,
          null,
          1,
          0,
          null,
          null,
          1,
          0,
          0,
          0,
          0,
          0,
          0,
          0,
          0,
          null,
          null,
          1,
          null,
          0,
          null,
          null,
          null,
          null,
          null,
          1,
          null,
          0,
          null,
          null,
          null,
          null,
          null,
          1,
          null,
          0,
          null,
          null,
          null,
          1,
          null,
          0,
          null,
          null,
          null,
          null,
          1,
          0,
          0,
          null,
          null,
          1,
          0,
          0,
          null,
          null,
          1,
          null,
          1,
          0,
          0,
          null,
          null,
          null,
          null
        ],
        "branches": {
          "[:if, 0, 78, 8, 78, 43]": {
            "[:then, 1, 78, 8, 78, 27]": 0,
            "[:else, 2, 78, 8, 78, 43]": 0
          },
          "[:if, 3, 83, 8, 83, 43]": {
            "[:then, 4, 83, 8, 83, 27]": 0,
            "[:else, 5, 83, 8, 83, 43]": 0
          }
        }
      },
      "/Users/carl/gems/type_balancer-rails/lib/type_balancer/rails/configuration/storage_strategy_registry.rb": {
        "lines": [
          null,
          null,
          1,
          1,
          1,
          null,
          1,
          1,
          10,
          null,
          null,
          1,
          13,
          null,
          null,
          1,
          6,
          null,
          null,
          1,
          4,
          null,
          null,
          1,
          2,
          null,
          null,
          null,
          null,
          null
        ],
        "branches": {}
      },
      "/Users/carl/gems/type_balancer-rails/lib/type_balancer/rails/balanced_query.rb": {
        "lines": [
          1,
          1,
          1,
          1,
          0,
          0,
          0,
          null,
          null,
          null,
          0,
          null,
          null,
          1,
          0,
          null,
          0,
          0,
          null,
          null,
          1,
          null,
          1,
          0,
          null,
          null,
          1,
          0,
          0,
          null,
          null,
          null,
          null
        ],
        "branches": {
          "[:if, 0, 15, 8, 15, 53]": {
            "[:then, 1, 15, 8, 15, 28]": 0,
            "[:else, 2, 15, 8, 15, 53]": 0
          }
        }
      },
      "/Users/carl/gems/type_balancer-rails/lib/type_balancer/rails/pagination.rb": {
        "lines": [
          1,
          1,
          1,
          1,
          1,
          null,
          1,
          0,
          0,
          null,
          null,
          1,
          0,
          0,
          null,
          0,
          0,
          null,
          null,
          null,
          null,
          1,
          null,
          1,
          0,
          null,
          null,
          1,
          0,
          null,
          null,
          null,
          null
        ],
        "branches": {
          "[:if, 0, 14, 8, 14, 53]": {
            "[:then, 1, 14, 8, 14, 28]": 0,
            "[:else, 2, 14, 8, 14, 53]": 0
          }
        }
      },
      "/Users/carl/gems/type_balancer-rails/lib/type_balancer/rails/position_manager.rb": {
        "lines": [
          1,
          1,
          1,
          1,
          0,
          null,
          null,
          1,
          0,
          0,
          0,
          null,
          null,
          null,
          1,
          null,
          1,
          0,
          0,
          0,
          null,
          0,
          null,
          null,
          1,
          0,
          0,
          0,
          null,
          null,
          null,
          null
        ],
        "branches": {}
      },
      "/Users/carl/gems/type_balancer-rails/lib/type_balancer/rails/background_processor.rb": {
        "lines": [
          1,
          1,
          1,
          1,
          null,
          1,
          1,
          7,
          null,
          null,
          1,
          null,
          1,
          7,
          5,
          null,
          2,
          null,
          null,
          null,
          null,
          null,
          null
        ],
        "branches": {
          "[:if, 0, 14, 10, 18, 13]": {
            "[:then, 1, 15, 12, 15, 90]": 5,
            "[:else, 2, 17, 12, 17, 35]": 2
          }
        }
      },
      "/Users/carl/gems/type_balancer-rails/lib/type_balancer/rails/config.rb": {
        "lines": [
          null,
          null,
          1,
          null,
          1,
          1,
          null,
          1,
          1,
          1,
          0,
          0,
          null,
          null,
          1,
          null,
          1,
          null,
          1,
          null,
          null,
          1,
          1,
          null,
          1,
          1,
          null,
          null,
          1,
          4,
          null,
          null,
          1,
          null,
          1,
          1,
          null,
          1,
          2,
          0,
          null,
          null,
          null,
          1,
          null,
          null,
          1,
          0,
          null,
          null,
          null,
          1,
          1,
          null,
          1,
          1,
          1,
          null,
          null,
          1,
          0,
          0,
          null,
          0,
          null,
          null,
          null,
          1,
          0,
          0,
          0,
          null,
          0,
          null,
          null,
          null,
          1,
          0,
          0,
          null,
          0,
          null,
          null,
          null,
          1,
          0,
          0,
          null,
          0,
          null,
          null,
          null,
          1,
          1,
          0,
          0,
          null,
          null,
          null,
          1,
          0,
          null,
          null,
          null,
          1,
          null,
          null,
          1,
          null,
          1,
          1,
          null,
          null,
          null,
          1,
          1,
          null,
          1,
          0,
          0,
          null,
          null,
          1,
          0,
          null,
          null,
          1,
          0,
          0,
          null,
          null,
          null,
          1,
          1,
          null,
          1,
          0,
          0,
          null,
          null,
          1,
          0,
          null,
          null,
          1,
          0,
          0,
          null,
          null,
          null,
          null,
          null
        ],
        "branches": {
          "[:if, 0, 11, 10, 11, 65]": {
            "[:then, 1, 11, 10, 11, 49]": 0,
            "[:else, 2, 11, 10, 11, 65]": 0
          },
          "[:if, 3, 36, 10, 36, 112]": {
            "[:then, 4, 36, 10, 36, 91]": 0,
            "[:else, 5, 36, 10, 36, 112]": 1
          },
          "[:unless, 6, 39, 12, 42, 15]": {
            "[:else, 7, 39, 12, 42, 15]": 2,
            "[:then, 8, 40, 14, 41, 51]": 0
          },
          "[:if, 9, 61, 10, 65, 13]": {
            "[:then, 10, 62, 12, 62, 57]": 0,
            "[:else, 11, 64, 12, 64, 58]": 0
          },
          "[:if, 12, 71, 12, 71, 68]": {
            "[:then, 13, 71, 21, 71, 62]": 0,
            "[:else, 14, 71, 12, 71, 68]": 0
          },
          "[:if, 15, 69, 10, 74, 13]": {
            "[:then, 16, 70, 12, 71, 68]": 0,
            "[:else, 17, 73, 12, 73, 33]": 0
          },
          "[:if, 18, 78, 10, 82, 13]": {
            "[:then, 19, 79, 12, 79, 33]": 0,
            "[:else, 20, 81, 12, 81, 35]": 0
          },
          "[:if, 21, 86, 10, 90, 13]": {
            "[:then, 22, 87, 12, 87, 32]": 0,
            "[:else, 23, 89, 12, 89, 29]": 0
          },
          "[:unless, 24, 95, 12, 98, 15]": {
            "[:else, 25, 95, 12, 98, 15]": 0,
            "[:then, 26, 96, 14, 97, 61]": 0
          },
          "[:unless, 27, 100, 12, 103, 15]": {
            "[:else, 28, 100, 12, 103, 15]": 1,
            "[:then, 29, 101, 14, 102, 60]": 0
          },
          "[:if, 30, 94, 10, 104, 13]": {
            "[:then, 31, 95, 12, 98, 15]": 0,
            "[:else, 32, 100, 12, 103, 15]": 1
          },
          "[:if, 33, 124, 10, 124, 46]": {
            "[:then, 34, 124, 10, 124, 30]": 0,
            "[:else, 35, 124, 10, 124, 46]": 0
          },
          "[:if, 36, 142, 10, 142, 37]": {
            "[:then, 37, 142, 10, 142, 21]": 0,
            "[:else, 38, 142, 10, 142, 37]": 0
          }
        }
      },
      "/Users/carl/gems/type_balancer-rails/lib/type_balancer/rails/active_record_extension.rb": {
        "lines": [
          null,
          null,
          1,
          1,
          1,
          1,
          null,
          1,
          0,
          0,
          null,
          null,
          1,
          1,
          0,
          null,
          0,
          null,
          null,
          null,
          null,
          null,
          null,
          1,
          1,
          null,
          1,
          null,
          1,
          0,
          0,
          0,
          0,
          0,
          null,
          null,
          1,
          0,
          0,
          null,
          null,
          1,
          0,
          0,
          null,
          null,
          1,
          1,
          1,
          1,
          null,
          null,
          1,
          0,
          null,
          null,
          null,
          null,
          0,
          null,
          null,
          1,
          null,
          1,
          0,
          null,
          0,
          0,
          0,
          null,
          0,
          null,
          null,
          null,
          null,
          null,
          null,
          1,
          1,
          null
        ],
        "branches": {
          "[:if, 0, 15, 10, 15, 42]": {
            "[:then, 1, 15, 10, 15, 33]": 0,
            "[:else, 2, 15, 10, 15, 42]": 0
          },
          "[:if, 3, 65, 10, 65, 47]": {
            "[:then, 4, 65, 10, 65, 25]": 0,
            "[:else, 5, 65, 10, 65, 47]": 0
          }
        }
      },
      "/Users/carl/gems/type_balancer-rails/lib/type_balancer/rails/errors.rb": {
        "lines": [
          null,
          null,
          1,
          1,
          null,
          1,
          null,
          1,
          null,
          null,
          1,
          null,
          null,
          1,
          null,
          null,
          1,
          null,
          null,
          1,
          null,
          null,
          1,
          null,
          null,
          1,
          null,
          null,
          null
        ],
        "branches": {}
      },
      "/Users/carl/gems/type_balancer-rails/lib/type_balancer/rails/configuration/cache_config.rb": {
        "lines": [
          null,
          null,
          1,
          1,
          1,
          null,
          1,
          1,
          null,
          1,
          12,
          12,
          12,
          null,
          null,
          1,
          6,
          4,
          4,
          null,
          6,
          6,
          null,
          null,
          1,
          1,
          null,
          null,
          1,
          3,
          null,
          null,
          1,
          3,
          null,
          null,
          1,
          1,
          1,
          1,
          null,
          null,
          null,
          null,
          null
        ],
        "branches": {
          "[:if, 0, 17, 10, 20, 13]": {
            "[:then, 1, 18, 12, 19, 26]": 4,
            "[:else, 2, 17, 10, 20, 13]": 2
          },
          "[:if, 3, 21, 10, 21, 46]": {
            "[:then, 4, 21, 10, 21, 30]": 2,
            "[:else, 5, 21, 10, 21, 46]": 4
          }
        }
      },
      "/Users/carl/gems/type_balancer-rails/lib/type_balancer/rails/configuration/pagination_config.rb": {
        "lines": [
          null,
          null,
          1,
          1,
          1,
          null,
          1,
          1,
          null,
          1,
          12,
          12,
          null,
          null,
          1,
          4,
          4,
          null,
          2,
          null,
          null,
          1,
          4,
          4,
          null,
          2,
          null,
          null,
          1,
          1,
          1,
          null,
          null,
          null,
          null,
          null
        ],
        "branches": {
          "[:if, 0, 17, 10, 17, 30]": {
            "[:then, 1, 17, 10, 17, 16]": 2,
            "[:else, 2, 17, 10, 17, 30]": 2
          },
          "[:if, 3, 24, 10, 24, 32]": {
            "[:then, 4, 24, 10, 24, 16]": 2,
            "[:else, 5, 24, 10, 24, 32]": 2
          }
        }
      },
      "/Users/carl/gems/type_balancer-rails/lib/type_balancer/rails/configuration/redis_config.rb": {
        "lines": [
          null,
          null,
          1,
          1,
          1,
          null,
          1,
          1,
          null,
          1,
          16,
          16,
          16,
          null,
          null,
          1,
          7,
          7,
          7,
          7,
          7,
          null,
          null,
          1,
          4,
          4,
          4,
          null,
          null,
          1,
          8,
          null,
          null,
          1,
          3,
          null,
          null,
          1,
          1,
          1,
          1,
          null,
          null,
          null,
          null,
          null
        ],
        "branches": {
          "[:if, 0, 19, 10, 19, 37]": {
            "[:then, 1, 19, 10, 19, 21]": 1,
            "[:else, 2, 19, 10, 19, 37]": 6
          }
        }
      }
    },
    "timestamp": 1744524661
  }
}
