<?xml version='1.0'?>
<!DOCTYPE coverage SYSTEM "http://cobertura.sourceforge.net/xml/coverage-04.dtd">
<!-- Generated by simplecov-cobertura version 2.1.0 (https://github.com/dashingrocket/simplecov-cobertura) -->
<coverage line-rate="0.73" lines-covered="104" lines-valid="143" complexity="0" version="0" timestamp="1744416758">
  <sources>
    <source>/Users/carl/gems/type_balancer-rails</source>
  </sources>
  <packages>
    <package name="Core" line-rate="0.73" complexity="0">
      <classes>
        <class name="rails" filename="lib/type_balancer/rails.rb" line-rate="1.0" complexity="0">
          <methods/>
          <lines>
            <line number="3" hits="1"/>
            <line number="4" hits="1"/>
            <line number="5" hits="1"/>
            <line number="6" hits="1"/>
            <line number="7" hits="1"/>
            <line number="8" hits="1"/>
            <line number="10" hits="1"/>
            <line number="12" hits="1"/>
            <line number="13" hits="1"/>
            <line number="16" hits="1"/>
            <line number="17" hits="1"/>
            <line number="18" hits="1"/>
            <line number="19" hits="1"/>
            <line number="21" hits="1"/>
            <line number="22" hits="1"/>
            <line number="23" hits="3"/>
            <line number="29" hits="1"/>
            <line number="30" hits="1"/>
            <line number="31" hits="1"/>
            <line number="32" hits="1"/>
            <line number="33" hits="1"/>
            <line number="36" hits="1"/>
          </lines>
        </class>
        <class name="balance_calculation_job" filename="lib/type_balancer/rails/balance_calculation_job.rb" line-rate="0.45" complexity="0">
          <methods/>
          <lines>
            <line number="3" hits="1"/>
            <line number="4" hits="1"/>
            <line number="6" hits="1"/>
            <line number="7" hits="1"/>
            <line number="9" hits="1"/>
            <line number="11" hits="0"/>
            <line number="14" hits="0"/>
            <line number="17" hits="0"/>
            <line number="20" hits="1"/>
            <line number="22" hits="1"/>
            <line number="23" hits="0"/>
            <line number="26" hits="0"/>
            <line number="27" hits="0"/>
            <line number="28" hits="0"/>
            <line number="39" hits="1"/>
            <line number="40" hits="0"/>
            <line number="41" hits="0"/>
            <line number="42" hits="0"/>
            <line number="43" hits="0"/>
            <line number="46" hits="1"/>
          </lines>
        </class>
        <class name="balanced_collection_query" filename="lib/type_balancer/rails/balanced_collection_query.rb" line-rate="0.4" complexity="0">
          <methods/>
          <lines>
            <line number="3" hits="1"/>
            <line number="4" hits="1"/>
            <line number="6" hits="1"/>
            <line number="7" hits="1"/>
            <line number="9" hits="1"/>
            <line number="10" hits="4"/>
            <line number="11" hits="4"/>
            <line number="12" hits="4"/>
            <line number="15" hits="1"/>
            <line number="16" hits="0"/>
            <line number="17" hits="0"/>
            <line number="20" hits="1"/>
            <line number="22" hits="0"/>
            <line number="25" hits="0"/>
            <line number="28" hits="1"/>
            <line number="30" hits="1"/>
            <line number="31" hits="0"/>
            <line number="32" hits="0"/>
            <line number="36" hits="1"/>
            <line number="37" hits="0"/>
            <line number="39" hits="0"/>
            <line number="40" hits="0"/>
            <line number="44" hits="1"/>
            <line number="46" hits="0"/>
            <line number="49" hits="0"/>
            <line number="52" hits="0"/>
            <line number="55" hits="1"/>
            <line number="56" hits="0"/>
            <line number="58" hits="0"/>
            <line number="60" hits="0"/>
            <line number="63" hits="0"/>
            <line number="64" hits="0"/>
            <line number="75" hits="1"/>
            <line number="76" hits="0"/>
            <line number="77" hits="0"/>
            <line number="80" hits="0"/>
            <line number="83" hits="0"/>
            <line number="87" hits="1"/>
            <line number="88" hits="0"/>
            <line number="89" hits="0"/>
            <line number="90" hits="0"/>
            <line number="91" hits="0"/>
          </lines>
        </class>
        <class name="balanced_position" filename="lib/type_balancer/rails/balanced_position.rb" line-rate="1.0" complexity="0">
          <methods/>
          <lines>
            <line number="3" hits="1"/>
            <line number="4" hits="1"/>
            <line number="6" hits="1"/>
            <line number="7" hits="1"/>
            <line number="9" hits="1"/>
            <line number="11" hits="1"/>
            <line number="12" hits="1"/>
            <line number="13" hits="1"/>
            <line number="15" hits="1"/>
            <line number="16" hits="1"/>
            <line number="18" hits="1"/>
            <line number="19" hits="1"/>
            <line number="22" hits="1"/>
            <line number="23" hits="1"/>
            <line number="24" hits="1"/>
            <line number="25" hits="1"/>
            <line number="26" hits="1"/>
            <line number="27" hits="1"/>
            <line number="28" hits="1"/>
            <line number="30" hits="1"/>
            <line number="31" hits="1"/>
          </lines>
        </class>
        <class name="cache_invalidation" filename="lib/type_balancer/rails/cache_invalidation.rb" line-rate="0.8" complexity="0">
          <methods/>
          <lines>
            <line number="3" hits="1"/>
            <line number="4" hits="1"/>
            <line number="6" hits="1"/>
            <line number="7" hits="1"/>
            <line number="9" hits="1"/>
            <line number="10" hits="3"/>
            <line number="13" hits="1"/>
            <line number="15" hits="1"/>
            <line number="17" hits="0"/>
            <line number="20" hits="0"/>
          </lines>
        </class>
        <class name="container" filename="lib/type_balancer/rails/container.rb" line-rate="1.0" complexity="0">
          <methods/>
          <lines>
            <line number="1" hits="1"/>
            <line number="2" hits="1"/>
            <line number="3" hits="1"/>
            <line number="4" hits="1"/>
            <line number="5" hits="1"/>
            <line number="6" hits="14"/>
            <line number="7" hits="6"/>
            <line number="9" hits="13"/>
            <line number="13" hits="1"/>
            <line number="14" hits="13"/>
            <line number="15" hits="13"/>
            <line number="17" hits="10"/>
            <line number="20" hits="1"/>
            <line number="21" hits="27"/>
            <line number="24" hits="1"/>
            <line number="25" hits="28"/>
          </lines>
        </class>
        <class name="strategy_registry" filename="lib/type_balancer/rails/strategy_registry.rb" line-rate="0.92" complexity="0">
          <methods/>
          <lines>
            <line number="1" hits="1"/>
            <line number="2" hits="1"/>
            <line number="3" hits="1"/>
            <line number="4" hits="1"/>
            <line number="5" hits="1"/>
            <line number="6" hits="0"/>
            <line number="9" hits="1"/>
            <line number="10" hits="2"/>
            <line number="13" hits="1"/>
            <line number="14" hits="2"/>
            <line number="17" hits="1"/>
            <line number="18" hits="16"/>
          </lines>
        </class>
      </classes>
    </package>
  </packages>
</coverage>